0 info it worked if it ends with ok
1 verbose cli [ 'C:\\Program Files (x86)\\nodejs\\\\node.exe',
1 verbose cli   'C:\\Program Files (x86)\\nodejs\\node_modules\\npm\\bin\\npm-cli.js',
1 verbose cli   'install',
1 verbose cli   'ngReact' ]
2 info using npm@1.4.3
3 info using node@v0.10.26
4 verbose node symlink C:\Program Files (x86)\nodejs\\node.exe
5 warn package.json ngreacttest@0.0.0 No description
6 warn package.json ngreacttest@0.0.0 No repository field.
7 warn package.json ngreacttest@0.0.0 No README data
8 verbose readDependencies using package.json deps
9 verbose cache add [ 'ngReact', null ]
10 verbose cache add name=undefined spec="ngReact" args=["ngReact",null]
11 verbose parsed url { protocol: null,
11 verbose parsed url   slashes: null,
11 verbose parsed url   auth: null,
11 verbose parsed url   host: null,
11 verbose parsed url   port: null,
11 verbose parsed url   hostname: null,
11 verbose parsed url   hash: null,
11 verbose parsed url   search: null,
11 verbose parsed url   query: null,
11 verbose parsed url   pathname: 'ngReact',
11 verbose parsed url   path: 'ngReact',
11 verbose parsed url   href: 'ngReact' }
12 silly lockFile 8b3fd62f-ngReact ngReact
13 verbose lock ngReact C:\Users\yong\AppData\Roaming\npm-cache\8b3fd62f-ngReact.lock
14 silly lockFile 8b3fd62f-ngReact ngReact
15 silly lockFile 8b3fd62f-ngReact ngReact
16 verbose addNamed [ 'ngReact', '' ]
17 verbose addNamed [ null, '*' ]
18 silly lockFile 4290ff07-ngReact ngReact@
19 verbose lock ngReact@ C:\Users\yong\AppData\Roaming\npm-cache\4290ff07-ngReact.lock
20 silly addNameRange { name: 'ngReact', range: '*', hasData: false }
21 verbose url raw ngReact
22 verbose url resolving [ 'https://registry.npmjs.org/', './ngReact' ]
23 verbose url resolved https://registry.npmjs.org/ngReact
24 info trying registry request attempt 1 at 22:19:52
25 http GET https://registry.npmjs.org/ngReact
26 http 404 https://registry.npmjs.org/ngReact
27 silly registry.get cb [ 404,
27 silly registry.get   { server: 'CouchDB/1.5.0 (Erlang OTP/R16B03)',
27 silly registry.get     'content-type': 'application/json',
27 silly registry.get     'cache-control': 'max-age=0',
27 silly registry.get     'content-length': '51',
27 silly registry.get     'accept-ranges': 'bytes',
27 silly registry.get     date: 'Sat, 30 May 2015 02:19:51 GMT',
27 silly registry.get     via: '1.1 varnish',
27 silly registry.get     age: '0',
27 silly registry.get     connection: 'keep-alive',
27 silly registry.get     'x-served-by': 'cache-jfk1030-JFK',
27 silly registry.get     'x-cache': 'MISS',
27 silly registry.get     'x-cache-hits': '0',
27 silly registry.get     'x-timer': 'S1432952391.154164,VS0,VE21' } ]
28 silly lockFile 4290ff07-ngReact ngReact@
29 silly lockFile 4290ff07-ngReact ngReact@
30 error 404 'ngReact' is not in the npm registry.
30 error 404 You should bug the author to publish it
30 error 404 It was specified as a dependency of 'ngreacttest'
30 error 404
30 error 404 Note that you can also install from a
30 error 404 tarball, folder, or http url, or git url.
31 error System Windows_NT 6.2.9200
32 error command "C:\\Program Files (x86)\\nodejs\\\\node.exe" "C:\\Program Files (x86)\\nodejs\\node_modules\\npm\\bin\\npm-cli.js" "install" "ngReact"
33 error cwd C:\Users\yong\Documents\GitHub\ngreactTest
34 error node -v v0.10.26
35 error npm -v 1.4.3
36 error code E404
37 verbose exit [ 1, true ]
